\BOOKMARK [1][-]{sec:Abstract.1}{Abstract}{}% 1
\BOOKMARK [0][-]{Contents.0}{Contents}{}% 2
\BOOKMARK [0][-]{chapter.1}{Einleitung}{}% 3
\BOOKMARK [1][-]{section.1.1}{Problemstellung}{chapter.1}% 4
\BOOKMARK [1][-]{section.1.2}{Motivation}{chapter.1}% 5
\BOOKMARK [1][-]{section.1.3}{Zielsetzung}{chapter.1}% 6
\BOOKMARK [1][-]{section.1.4}{Aufbau der Arbeit}{chapter.1}% 7
\BOOKMARK [0][-]{chapter.2}{Grundlagen}{}% 8
\BOOKMARK [1][-]{section.2.1}{Aktueller Stand der Technik}{chapter.2}% 9
\BOOKMARK [2][-]{subsection.2.1.1}{Unterkapitel}{section.2.1}% 10
\BOOKMARK [2][-]{subsection.2.1.2}{Abbildungen}{section.2.1}% 11
\BOOKMARK [2][-]{subsection.2.1.3}{Tabellen}{section.2.1}% 12
\BOOKMARK [0][-]{chapter.3}{Konkrete Problemstellung \205 Umfeldbeschreibung}{}% 13
\BOOKMARK [0][-]{chapter.4}{Hinweise zur Literatur}{}% 14
\BOOKMARK [1][-]{section.4.1}{Literatursuche}{chapter.4}% 15
\BOOKMARK [1][-]{section.4.2}{BibLatex}{chapter.4}% 16
\BOOKMARK [0][-]{chapter.5}{Algorithmen und Quellcode}{}% 17
\BOOKMARK [1][-]{section.5.1}{Beispiele f\374r Quellcode}{chapter.5}% 18
\BOOKMARK [1][-]{section.5.2}{Beispiele f\374r Algorithmen}{chapter.5}% 19
\BOOKMARK [0][-]{chapter.6}{Ergebnisse}{}% 20
\BOOKMARK [0][-]{chapter.7}{Diskussion}{}% 21
\BOOKMARK [0][-]{chapter.8}{Zusammenfassung und Ausblick}{}% 22
\BOOKMARK [0][-]{section*.13}{Bibliography}{}% 23
\BOOKMARK [1][-]{section*.14}{References}{section*.13}% 24
\BOOKMARK [0][-]{appendix.A}{Appendix}{}% 25
